200511 155145.702|CONFIG|main|setFileHandlers|Now logging to D:\Ki2_Nam2\CTDLGT\Contest_6\pc2Client2\bin\logs directory.
200511 155145.702|INFO|main|info|
200511 155145.702|INFO|main|info|Version 9.6.0 20190102 (Wednesday, January 2nd 2019 01:20 UTC) Java ver 1.8.0_251 build 5102 Windows 10 10.0 (amd64) 
200511 155145.702|INFO|main|startLog|Working directory is D:\Ki2_Nam2\CTDLGT\Contest_6\pc2Client2\bin
200511 155145.718|INFO|main|startLog|Process id is 14696@DESKTOP-P92CARS
200511 155145.718|INFO|main|start|Starting ConnectionManager...
200511 155146.027|INFO|main|start|Started ConnectionManager
200511 155146.043|INFO|main|setClientServerAndPort|INIFile File location: file:/D:/Ki2_Nam2/CTDLGT/Contest_6/pc2Client2/bin/pc2v9.ini
200511 155146.043|INFO|main|setClientServerAndPort|setClientServerAndPort 203.162.88.119 parsed as 203.162.88.119 port 51002
200511 155146.043|INFO|main|info|Contacting server at 203.162.88.119:51002
200511 155146.043|INFO|main|connectToMyServer|Connecting to 203.162.88.119:51002
200511 155146.168|INFO|Thread-1|receiveUnencrypted|receiveUnencrypted(TransportWrapper, ConnectionHandlerID=Socket[addr=/203.162.88.119,port=51002,localport=50552]--5340553903822264165)
200511 155146.529|INFO|Thread-1|receiveUnencrypted|receiveUnencrypted Made a secret key for Socket[addr=/203.162.88.119,port=51002,localport=50552]--5340553903822264165 key is com.sun.crypto.provider.DESKey@fffe7bb7
200511 155146.529|INFO|Thread-1|getPublicKeyPacket|Generating Unencrypted Public Key Packet
200511 155146.529|INFO|Thread-1|getPublicKeyPacket|checking key:= SunJCE Diffie-Hellman Public Key:
y:
    6639ddd0 e5c9b793 16c8c9aa 1694db68 5f5d4a8c f2a0dd98 4551ff73 967883c1
    26e6c2a5 5dcaf2ca 6c80a993 c8bfd41d 47f8a1de 94d34d6a b0def75c b718ee9d
    0f84c1a4 2a6a6046 267312e8 d627614b 52a00442 6b1e4452 20dd7d0f fdfacc8c
    f0c3143c cf52ffe1 5b437ec1 6a6ba8a5 7da512cd e95aac36 b66c799a f9311e90
p:
    f488fd58 4e49dbcd 20b49de4 9107366b 336c380d 451d0f7c 88b31c7c 5b2d8ef6
    f3c923c0 43f0a55b 188d8ebb 558cb85d 38d334fd 7c175743 a31d186c de33212c
    b52aff3c e1b12940 18118d7c 84a70a72 d686c403 19c80729 7aca950c d9969fab
    d00a509b 0246d308 3d66a45d 419f9c7c bd894b22 1926baab a25ec355 e92f78c7
g:
    02
l:
    512
200511 155146.529|INFO|Thread-1|getPublicKeyPacket|packet:= edu.csus.ecs.pc2.core.transport.TransportWrapper@3b146564
200511 155915.629|INFO|Thread-1|receive|EOFException in receive for Socket[addr=/203.162.88.119,port=51002,localport=50552]--5340553903822264165
|java.io.EOFException: null
|    at java.io.ObjectInputStream$BlockDataInputStream.peekByte (Unknown Source)
|    at java.io.ObjectInputStream.readObject0 (Unknown Source)
|    at java.io.ObjectInputStream.readObject (Unknown Source)
|    at java.io.ObjectInputStream.readObject (Unknown Source)
|    at edu.csus.ecs.pc2.core.transport.ConnectionHandlerThread.receive (ConnectionHandlerThread.java:151)
|    at edu.csus.ecs.pc2.core.transport.ConnectionHandlerClientThread.run (ConnectionHandlerClientThread.java:65)
200511 155915.629|FINER|Thread-1|run|THROW
|edu.csus.ecs.pc2.core.transport.TransportException: null
|    at edu.csus.ecs.pc2.core.transport.ConnectionHandlerThread.receive (ConnectionHandlerThread.java:158)
|    at edu.csus.ecs.pc2.core.transport.ConnectionHandlerClientThread.run (ConnectionHandlerClientThread.java:65)
200511 155915.629|FINER|Thread-1|run - e.getmessage is null()|THROW
|edu.csus.ecs.pc2.core.transport.TransportException: null
|    at edu.csus.ecs.pc2.core.transport.ConnectionHandlerThread.receive (ConnectionHandlerThread.java:158)
|    at edu.csus.ecs.pc2.core.transport.ConnectionHandlerClientThread.run (ConnectionHandlerClientThread.java:65)
